# JRE version: OpenJDK Runtime Environment (8.0_242-b01) (build 1.8.0_242-release-1644-b01)
# Java VM: OpenJDK 64-Bit Server VM (25.242-b01 mixed mode windows-amd64 compressed oops)
Heap:
 PSYoungGen      total 325632K, used 94976K [0x00000000d5580000, 0x00000000ef800000, 0x0000000100000000)
  eden space 299520K, 27% used [0x00000000d5580000,0x00000000da63ec60,0x00000000e7a00000)
  from space 26112K, 47% used [0x00000000e7a00000,0x00000000e8601778,0x00000000e9380000)
  to   space 25088K, 0% used [0x00000000edf80000,0x00000000edf80000,0x00000000ef800000)
 ParOldGen       total 114688K, used 53793K [0x0000000080000000, 0x0000000087000000, 0x00000000d5580000)
  object space 114688K, 46% used [0x0000000080000000,0x00000000834887d8,0x0000000087000000)
 Metaspace       used 93508K, capacity 97806K, committed 98008K, reserved 1134592K
  class space    used 12328K, capacity 13240K, committed 13312K, reserved 1048576K
GC Heap History (10 events):
Event: 35.687 GC heap before
{Heap before GC invocations=12 (full 2):
 PSYoungGen      total 188416K, used 50952K [0x00000000d5580000, 0x00000000e5a80000, 0x0000000100000000)
  eden space 173056K, 20% used [0x00000000d5580000,0x00000000d7847f90,0x00000000dfe80000)
  from space 15360K, 99% used [0x00000000dfe80000,0x00000000e0d7a1c0,0x00000000e0d80000)
  to   space 20992K, 0% used [0x00000000e4600000,0x00000000e4600000,0x00000000e5a80000)
 ParOldGen       total 85504K, used 26631K [0x0000000080000000, 0x0000000085380000, 0x00000000d5580000)
  object space 85504K, 31% used [0x0000000080000000,0x0000000081a01cd8,0x0000000085380000)
 Metaspace       used 56481K, capacity 58804K, committed 58968K, reserved 1099776K
  class space    used 7448K, capacity 7940K, committed 8064K, reserved 1048576K
Event: 35.768 GC heap after
Heap after GC invocations=12 (full 2):
 PSYoungGen      total 246272K, used 12483K [0x00000000d5580000, 0x00000000e6e80000, 0x0000000100000000)
  eden space 225280K, 0% used [0x00000000d5580000,0x00000000d5580000,0x00000000e3180000)
  from space 20992K, 59% used [0x00000000e4600000,0x00000000e5230cc8,0x00000000e5a80000)
  to   space 20992K, 0% used [0x00000000e3180000,0x00000000e3180000,0x00000000e4600000)
 ParOldGen       total 85504K, used 33189K [0x0000000080000000, 0x0000000085380000, 0x00000000d5580000)
  object space 85504K, 38% used [0x0000000080000000,0x0000000082069428,0x0000000085380000)
 Metaspace       used 56481K, capacity 58804K, committed 58968K, reserved 1099776K
  class space    used 7448K, capacity 7940K, committed 8064K, reserved 1048576K
}
Event: 35.768 GC heap before
{Heap before GC invocations=13 (full 3):
 PSYoungGen      total 246272K, used 12483K [0x00000000d5580000, 0x00000000e6e80000, 0x0000000100000000)
  eden space 225280K, 0% used [0x00000000d5580000,0x00000000d5580000,0x00000000e3180000)
  from space 20992K, 59% used [0x00000000e4600000,0x00000000e5230cc8,0x00000000e5a80000)
  to   space 20992K, 0% used [0x00000000e3180000,0x00000000e3180000,0x00000000e4600000)
 ParOldGen       total 85504K, used 33189K [0x0000000080000000, 0x0000000085380000, 0x00000000d5580000)
  object space 85504K, 38% used [0x0000000080000000,0x0000000082069428,0x0000000085380000)
 Metaspace       used 56481K, capacity 58804K, committed 58968K, reserved 1099776K
  class space    used 7448K, capacity 7940K, committed 8064K, reserved 1048576K
Event: 36.140 GC heap after
Heap after GC invocations=13 (full 3):
 PSYoungGen      total 246272K, used 0K [0x00000000d5580000, 0x00000000e6e80000, 0x0000000100000000)
  eden space 225280K, 0% used [0x00000000d5580000,0x00000000d5580000,0x00000000e3180000)
  from space 20992K, 0% used [0x00000000e4600000,0x00000000e4600000,0x00000000e5a80000)
  to   space 20992K, 0% used [0x00000000e3180000,0x00000000e3180000,0x00000000e4600000)
 ParOldGen       total 114688K, used 31118K [0x0000000080000000, 0x0000000087000000, 0x00000000d5580000)
  object space 114688K, 27% used [0x0000000080000000,0x0000000081e63bd8,0x0000000087000000)
 Metaspace       used 56421K, capacity 58652K, committed 58968K, reserved 1099776K
  class space    used 7432K, capacity 7920K, committed 8064K, reserved 1048576K
}
Event: 46.313 GC heap before
{Heap before GC invocations=14 (full 3):
 PSYoungGen      total 246272K, used 225280K [0x00000000d5580000, 0x00000000e6e80000, 0x0000000100000000)
  eden space 225280K, 100% used [0x00000000d5580000,0x00000000e3180000,0x00000000e3180000)
  from space 20992K, 0% used [0x00000000e4600000,0x00000000e4600000,0x00000000e5a80000)
  to   space 20992K, 0% used [0x00000000e3180000,0x00000000e3180000,0x00000000e4600000)
 ParOldGen       total 114688K, used 31118K [0x0000000080000000, 0x0000000087000000, 0x00000000d5580000)
  object space 114688K, 27% used [0x0000000080000000,0x0000000081e63bd8,0x0000000087000000)
 Metaspace       used 71144K, capacity 74056K, committed 74328K, reserved 1114112K
  class space    used 9713K, capacity 10278K, committed 10368K, reserved 1048576K
Event: 46.348 GC heap after
Heap after GC invocations=14 (full 3):
 PSYoungGen      total 246272K, used 20510K [0x00000000d5580000, 0x00000000eaf80000, 0x0000000100000000)
  eden space 225280K, 0% used [0x00000000d5580000,0x00000000d5580000,0x00000000e3180000)
  from space 20992K, 97% used [0x00000000e3180000,0x00000000e45878f8,0x00000000e4600000)
  to   space 24064K, 0% used [0x00000000e9800000,0x00000000e9800000,0x00000000eaf80000)
 ParOldGen       total 114688K, used 31126K [0x0000000080000000, 0x0000000087000000, 0x00000000d5580000)
  object space 114688K, 27% used [0x0000000080000000,0x0000000081e65bd8,0x0000000087000000)
 Metaspace       used 71144K, capacity 74056K, committed 74328K, reserved 1114112K
  class space    used 9713K, capacity 10278K, committed 10368K, reserved 1048576K
}
Event: 853.051 GC heap before
{Heap before GC invocations=15 (full 3):
 PSYoungGen      total 246272K, used 245790K [0x00000000d5580000, 0x00000000eaf80000, 0x0000000100000000)
  eden space 225280K, 100% used [0x00000000d5580000,0x00000000e3180000,0x00000000e3180000)
  from space 20992K, 97% used [0x00000000e3180000,0x00000000e45878f8,0x00000000e4600000)
  to   space 24064K, 0% used [0x00000000e9800000,0x00000000e9800000,0x00000000eaf80000)
 ParOldGen       total 114688K, used 31126K [0x0000000080000000, 0x0000000087000000, 0x00000000d5580000)
  object space 114688K, 27% used [0x0000000080000000,0x0000000081e65bd8,0x0000000087000000)
 Metaspace       used 86214K, capacity 90044K, committed 90456K, reserved 1128448K
  class space    used 11475K, capacity 12291K, committed 12416K, reserved 1048576K
Event: 853.093 GC heap after
Heap after GC invocations=15 (full 3):
 PSYoungGen      total 318464K, used 21150K [0x00000000d5580000, 0x00000000ead00000, 0x0000000100000000)
  eden space 296960K, 0% used [0x00000000d5580000,0x00000000d5580000,0x00000000e7780000)
  from space 21504K, 98% used [0x00000000e9800000,0x00000000eaca7938,0x00000000ead00000)
  to   space 26112K, 0% used [0x00000000e7a00000,0x00000000e7a00000,0x00000000e9380000)
 ParOldGen       total 114688K, used 41745K [0x0000000080000000, 0x0000000087000000, 0x00000000d5580000)
  object space 114688K, 36% used [0x0000000080000000,0x00000000828c4418,0x0000000087000000)
 Metaspace       used 86214K, capacity 90044K, committed 90456K, reserved 1128448K
  class space    used 11475K, capacity 12291K, committed 12416K, reserved 1048576K
}
Event: 7878.922 GC heap before
{Heap before GC invocations=16 (full 3):
 PSYoungGen      total 318464K, used 318110K [0x00000000d5580000, 0x00000000ead00000, 0x0000000100000000)
  eden space 296960K, 100% used [0x00000000d5580000,0x00000000e7780000,0x00000000e7780000)
  from space 21504K, 98% used [0x00000000e9800000,0x00000000eaca7938,0x00000000ead00000)
  to   space 26112K, 0% used [0x00000000e7a00000,0x00000000e7a00000,0x00000000e9380000)
 ParOldGen       total 114688K, used 41745K [0x0000000080000000, 0x0000000087000000, 0x00000000d5580000)
  object space 114688K, 36% used [0x0000000080000000,0x00000000828c4418,0x0000000087000000)
 Metaspace       used 93114K, capacity 97378K, committed 97496K, reserved 1134592K
  class space    used 12319K, capacity 13198K, committed 13312K, reserved 1048576K
Event: 7879.041 GC heap after
Heap after GC invocations=16 (full 3):
 PSYoungGen      total 325632K, used 12293K [0x00000000d5580000, 0x00000000ef800000, 0x0000000100000000)
  eden space 299520K, 0% used [0x00000000d5580000,0x00000000d5580000,0x00000000e7a00000)
  from space 26112K, 47% used [0x00000000e7a00000,0x00000000e8601778,0x00000000e9380000)
  to   space 25088K, 0% used [0x00000000edf80000,0x00000000edf80000,0x00000000ef800000)
 ParOldGen       total 114688K, used 53793K [0x0000000080000000, 0x0000000087000000, 0x00000000d5580000)
  object space 114688K, 46% used [0x0000000080000000,0x00000000834887d8,0x0000000087000000)
 Metaspace       used 93114K, capacity 97378K, committed 97496K, reserved 1134592K
  class space    used 12319K, capacity 13198K, committed 13312K, reserved 1048576K
}

