# JRE version: OpenJDK Runtime Environment (8.0_242-b01) (build 1.8.0_242-release-1644-b01)
# Java VM: OpenJDK 64-Bit Server VM (25.242-b01 mixed mode windows-amd64 compressed oops)
Heap:
 PSYoungGen      total 61952K, used 9053K [0x00000000d5580000, 0x00000000da280000, 0x0000000100000000)
  eden space 57344K, 10% used [0x00000000d5580000,0x00000000d5b6d9d8,0x00000000d8d80000)
  from space 4608K, 64% used [0x00000000d9e00000,0x00000000da0e9ac0,0x00000000da280000)
  to   space 10752K, 0% used [0x00000000d8d80000,0x00000000d8d80000,0x00000000d9800000)
 ParOldGen       total 51200K, used 8963K [0x0000000080000000, 0x0000000083200000, 0x00000000d5580000)
  object space 51200K, 17% used [0x0000000080000000,0x00000000808c0c98,0x0000000083200000)
 Metaspace       used 23369K, capacity 24144K, committed 24368K, reserved 1071104K
  class space    used 3315K, capacity 3544K, committed 3632K, reserved 1048576K
GC Heap History (10 events):
Event: 9.508 GC heap before
{Heap before GC invocations=5 (full 0):
 PSYoungGen      total 37888K, used 37860K [0x00000000d5580000, 0x00000000d9f80000, 0x0000000100000000)
  eden space 32768K, 100% used [0x00000000d5580000,0x00000000d7580000,0x00000000d7580000)
  from space 5120K, 99% used [0x00000000d7a80000,0x00000000d7f79120,0x00000000d7f80000)
  to   space 5120K, 0% used [0x00000000d7580000,0x00000000d7580000,0x00000000d7a80000)
 ParOldGen       total 86016K, used 3825K [0x0000000080000000, 0x0000000085400000, 0x00000000d5580000)
  object space 86016K, 4% used [0x0000000080000000,0x00000000803bc6c8,0x0000000085400000)
 Metaspace       used 17667K, capacity 18300K, committed 18560K, reserved 1064960K
  class space    used 2419K, capacity 2628K, committed 2688K, reserved 1048576K
Event: 9.526 GC heap after
Heap after GC invocations=5 (full 0):
 PSYoungGen      total 37376K, used 5104K [0x00000000d5580000, 0x00000000d8900000, 0x0000000100000000)
  eden space 32256K, 0% used [0x00000000d5580000,0x00000000d5580000,0x00000000d7500000)
  from space 5120K, 99% used [0x00000000d7580000,0x00000000d7a7c030,0x00000000d7a80000)
  to   space 10240K, 0% used [0x00000000d7f00000,0x00000000d7f00000,0x00000000d8900000)
 ParOldGen       total 86016K, used 6857K [0x0000000080000000, 0x0000000085400000, 0x00000000d5580000)
  object space 86016K, 7% used [0x0000000080000000,0x00000000806b2598,0x0000000085400000)
 Metaspace       used 17667K, capacity 18300K, committed 18560K, reserved 1064960K
  class space    used 2419K, capacity 2628K, committed 2688K, reserved 1048576K
}
Event: 11.521 GC heap before
{Heap before GC invocations=6 (full 0):
 PSYoungGen      total 37376K, used 37360K [0x00000000d5580000, 0x00000000d8900000, 0x0000000100000000)
  eden space 32256K, 100% used [0x00000000d5580000,0x00000000d7500000,0x00000000d7500000)
  from space 5120K, 99% used [0x00000000d7580000,0x00000000d7a7c030,0x00000000d7a80000)
  to   space 10240K, 0% used [0x00000000d7f00000,0x00000000d7f00000,0x00000000d8900000)
 ParOldGen       total 86016K, used 6857K [0x0000000080000000, 0x0000000085400000, 0x00000000d5580000)
  object space 86016K, 7% used [0x0000000080000000,0x00000000806b2598,0x0000000085400000)
 Metaspace       used 20461K, capacity 21120K, committed 21248K, reserved 1067008K
  class space    used 2852K, capacity 3044K, committed 3072K, reserved 1048576K
Event: 11.534 GC heap after
Heap after GC invocations=6 (full 0):
 PSYoungGen      total 41984K, used 8652K [0x00000000d5580000, 0x00000000d8980000, 0x0000000100000000)
  eden space 31744K, 0% used [0x00000000d5580000,0x00000000d5580000,0x00000000d7480000)
  from space 10240K, 84% used [0x00000000d7f00000,0x00000000d8773298,0x00000000d8900000)
  to   space 10752K, 0% used [0x00000000d7480000,0x00000000d7480000,0x00000000d7f00000)
 ParOldGen       total 86016K, used 6865K [0x0000000080000000, 0x0000000085400000, 0x00000000d5580000)
  object space 86016K, 7% used [0x0000000080000000,0x00000000806b4598,0x0000000085400000)
 Metaspace       used 20461K, capacity 21120K, committed 21248K, reserved 1067008K
  class space    used 2852K, capacity 3044K, committed 3072K, reserved 1048576K
}
Event: 11.639 GC heap before
{Heap before GC invocations=7 (full 0):
 PSYoungGen      total 41984K, used 11845K [0x00000000d5580000, 0x00000000d8980000, 0x0000000100000000)
  eden space 31744K, 10% used [0x00000000d5580000,0x00000000d589e508,0x00000000d7480000)
  from space 10240K, 84% used [0x00000000d7f00000,0x00000000d8773298,0x00000000d8900000)
  to   space 10752K, 0% used [0x00000000d7480000,0x00000000d7480000,0x00000000d7f00000)
 ParOldGen       total 86016K, used 6865K [0x0000000080000000, 0x0000000085400000, 0x00000000d5580000)
  object space 86016K, 7% used [0x0000000080000000,0x00000000806b4598,0x0000000085400000)
 Metaspace       used 20591K, capacity 21216K, committed 21296K, reserved 1067008K
  class space    used 2873K, capacity 3076K, committed 3120K, reserved 1048576K
Event: 11.648 GC heap after
Heap after GC invocations=7 (full 0):
 PSYoungGen      total 42496K, used 4000K [0x00000000d5580000, 0x00000000da880000, 0x0000000100000000)
  eden space 31744K, 0% used [0x00000000d5580000,0x00000000d5580000,0x00000000d7480000)
  from space 10752K, 37% used [0x00000000d7480000,0x00000000d7868030,0x00000000d7f00000)
  to   space 10752K, 0% used [0x00000000d9e00000,0x00000000d9e00000,0x00000000da880000)
 ParOldGen       total 86016K, used 9105K [0x0000000080000000, 0x0000000085400000, 0x00000000d5580000)
  object space 86016K, 10% used [0x0000000080000000,0x00000000808e4608,0x0000000085400000)
 Metaspace       used 20591K, capacity 21216K, committed 21296K, reserved 1067008K
  class space    used 2873K, capacity 3076K, committed 3120K, reserved 1048576K
}
Event: 11.648 GC heap before
{Heap before GC invocations=8 (full 1):
 PSYoungGen      total 42496K, used 4000K [0x00000000d5580000, 0x00000000da880000, 0x0000000100000000)
  eden space 31744K, 0% used [0x00000000d5580000,0x00000000d5580000,0x00000000d7480000)
  from space 10752K, 37% used [0x00000000d7480000,0x00000000d7868030,0x00000000d7f00000)
  to   space 10752K, 0% used [0x00000000d9e00000,0x00000000d9e00000,0x00000000da880000)
 ParOldGen       total 86016K, used 9105K [0x0000000080000000, 0x0000000085400000, 0x00000000d5580000)
  object space 86016K, 10% used [0x0000000080000000,0x00000000808e4608,0x0000000085400000)
 Metaspace       used 20591K, capacity 21216K, committed 21296K, reserved 1067008K
  class space    used 2873K, capacity 3076K, committed 3120K, reserved 1048576K
Event: 11.705 GC heap after
Heap after GC invocations=8 (full 1):
 PSYoungGen      total 42496K, used 0K [0x00000000d5580000, 0x00000000da880000, 0x0000000100000000)
  eden space 31744K, 0% used [0x00000000d5580000,0x00000000d5580000,0x00000000d7480000)
  from space 10752K, 0% used [0x00000000d7480000,0x00000000d7480000,0x00000000d7f00000)
  to   space 10752K, 0% used [0x00000000d9e00000,0x00000000d9e00000,0x00000000da880000)
 ParOldGen       total 51200K, used 8955K [0x0000000080000000, 0x0000000083200000, 0x00000000d5580000)
  object space 51200K, 17% used [0x0000000080000000,0x00000000808bec98,0x0000000083200000)
 Metaspace       used 20591K, capacity 21216K, committed 21296K, reserved 1067008K
  class space    used 2873K, capacity 3076K, committed 3120K, reserved 1048576K
}
Event: 13.275 GC heap before
{Heap before GC invocations=9 (full 1):
 PSYoungGen      total 42496K, used 31744K [0x00000000d5580000, 0x00000000da880000, 0x0000000100000000)
  eden space 31744K, 100% used [0x00000000d5580000,0x00000000d7480000,0x00000000d7480000)
  from space 10752K, 0% used [0x00000000d7480000,0x00000000d7480000,0x00000000d7f00000)
  to   space 10752K, 0% used [0x00000000d9e00000,0x00000000d9e00000,0x00000000da880000)
 ParOldGen       total 51200K, used 8955K [0x0000000080000000, 0x0000000083200000, 0x00000000d5580000)
  object space 51200K, 17% used [0x0000000080000000,0x00000000808bec98,0x0000000083200000)
 Metaspace       used 22912K, capacity 23748K, committed 23984K, reserved 1069056K
  class space    used 3249K, capacity 3476K, committed 3504K, reserved 1048576K
Event: 13.281 GC heap after
Heap after GC invocations=9 (full 1):
 PSYoungGen      total 61952K, used 2982K [0x00000000d5580000, 0x00000000da280000, 0x0000000100000000)
  eden space 57344K, 0% used [0x00000000d5580000,0x00000000d5580000,0x00000000d8d80000)
  from space 4608K, 64% used [0x00000000d9e00000,0x00000000da0e9ac0,0x00000000da280000)
  to   space 10752K, 0% used [0x00000000d8d80000,0x00000000d8d80000,0x00000000d9800000)
 ParOldGen       total 51200K, used 8963K [0x0000000080000000, 0x0000000083200000, 0x00000000d5580000)
  object space 51200K, 17% used [0x0000000080000000,0x00000000808c0c98,0x0000000083200000)
 Metaspace       used 22912K, capacity 23748K, committed 23984K, reserved 1069056K
  class space    used 3249K, capacity 3476K, committed 3504K, reserved 1048576K
}

