# JRE version: OpenJDK Runtime Environment (8.0_242-b01) (build 1.8.0_242-release-1644-b01)
# Java VM: OpenJDK 64-Bit Server VM (25.242-b01 mixed mode windows-amd64 compressed oops)
Heap:
 PSYoungGen      total 108544K, used 49441K [0x00000000d5580000, 0x00000000df080000, 0x0000000100000000)
  eden space 73728K, 58% used [0x00000000d5580000,0x00000000d7f90490,0x00000000d9d80000)
  from space 34816K, 18% used [0x00000000d9d80000,0x00000000da3b8030,0x00000000dbf80000)
  to   space 34816K, 0% used [0x00000000dce80000,0x00000000dce80000,0x00000000df080000)
 ParOldGen       total 108032K, used 67478K [0x0000000080000000, 0x0000000086980000, 0x00000000d5580000)
  object space 108032K, 62% used [0x0000000080000000,0x00000000841e5b68,0x0000000086980000)
 Metaspace       used 80486K, capacity 85060K, committed 85144K, reserved 1122304K
  class space    used 11037K, capacity 11941K, committed 11952K, reserved 1048576K
GC Heap History (10 events):
Event: 122.122 GC heap before
{Heap before GC invocations=32 (full 3):
 PSYoungGen      total 84480K, used 75443K [0x00000000d5580000, 0x00000000dce00000, 0x0000000100000000)
  eden space 50688K, 99% used [0x00000000d5580000,0x00000000d86ff100,0x00000000d8700000)
  from space 33792K, 73% used [0x00000000da980000,0x00000000dc1adbb0,0x00000000dca80000)
  to   space 35328K, 0% used [0x00000000d8700000,0x00000000d8700000,0x00000000da980000)
 ParOldGen       total 108032K, used 36106K [0x0000000080000000, 0x0000000086980000, 0x00000000d5580000)
  object space 108032K, 33% used [0x0000000080000000,0x0000000082342a28,0x0000000086980000)
 Metaspace       used 71828K, capacity 75328K, committed 75544K, reserved 1114112K
  class space    used 9800K, capacity 10477K, committed 10544K, reserved 1048576K
Event: 122.143 GC heap after
Heap after GC invocations=32 (full 3):
 PSYoungGen      total 86016K, used 21926K [0x00000000d5580000, 0x00000000dd700000, 0x0000000100000000)
  eden space 50688K, 0% used [0x00000000d5580000,0x00000000d5580000,0x00000000d8700000)
  from space 35328K, 62% used [0x00000000d8700000,0x00000000d9c69b30,0x00000000da980000)
  to   space 35840K, 0% used [0x00000000db400000,0x00000000db400000,0x00000000dd700000)
 ParOldGen       total 108032K, used 43106K [0x0000000080000000, 0x0000000086980000, 0x00000000d5580000)
  object space 108032K, 39% used [0x0000000080000000,0x0000000082a18bd0,0x0000000086980000)
 Metaspace       used 71828K, capacity 75328K, committed 75544K, reserved 1114112K
  class space    used 9800K, capacity 10477K, committed 10544K, reserved 1048576K
}
Event: 125.149 GC heap before
{Heap before GC invocations=33 (full 3):
 PSYoungGen      total 86016K, used 72613K [0x00000000d5580000, 0x00000000dd700000, 0x0000000100000000)
  eden space 50688K, 99% used [0x00000000d5580000,0x00000000d86ffbd8,0x00000000d8700000)
  from space 35328K, 62% used [0x00000000d8700000,0x00000000d9c69b30,0x00000000da980000)
  to   space 35840K, 0% used [0x00000000db400000,0x00000000db400000,0x00000000dd700000)
 ParOldGen       total 108032K, used 43106K [0x0000000080000000, 0x0000000086980000, 0x00000000d5580000)
  object space 108032K, 39% used [0x0000000080000000,0x0000000082a18bd0,0x0000000086980000)
 Metaspace       used 74295K, capacity 78212K, committed 78488K, reserved 1116160K
  class space    used 10173K, capacity 10899K, committed 10928K, reserved 1048576K
Event: 125.178 GC heap after
Heap after GC invocations=33 (full 3):
 PSYoungGen      total 96256K, used 22976K [0x00000000d5580000, 0x00000000dd800000, 0x0000000100000000)
  eden space 60416K, 0% used [0x00000000d5580000,0x00000000d5580000,0x00000000d9080000)
  from space 35840K, 64% used [0x00000000db400000,0x00000000dca70118,0x00000000dd700000)
  to   space 36352K, 0% used [0x00000000d9080000,0x00000000d9080000,0x00000000db400000)
 ParOldGen       total 108032K, used 50716K [0x0000000080000000, 0x0000000086980000, 0x00000000d5580000)
  object space 108032K, 46% used [0x0000000080000000,0x0000000083187128,0x0000000086980000)
 Metaspace       used 74295K, capacity 78212K, committed 78488K, reserved 1116160K
  class space    used 10173K, capacity 10899K, committed 10928K, reserved 1048576K
}
Event: 130.274 GC heap before
{Heap before GC invocations=34 (full 3):
 PSYoungGen      total 96256K, used 83392K [0x00000000d5580000, 0x00000000dd800000, 0x0000000100000000)
  eden space 60416K, 100% used [0x00000000d5580000,0x00000000d9080000,0x00000000d9080000)
  from space 35840K, 64% used [0x00000000db400000,0x00000000dca70118,0x00000000dd700000)
  to   space 36352K, 0% used [0x00000000d9080000,0x00000000d9080000,0x00000000db400000)
 ParOldGen       total 108032K, used 50716K [0x0000000080000000, 0x0000000086980000, 0x00000000d5580000)
  object space 108032K, 46% used [0x0000000080000000,0x0000000083187128,0x0000000086980000)
 Metaspace       used 78966K, capacity 83458K, committed 83608K, reserved 1120256K
  class space    used 10945K, capacity 11826K, committed 11952K, reserved 1048576K
Event: 130.310 GC heap after
Heap after GC invocations=34 (full 3):
 PSYoungGen      total 96768K, used 22098K [0x00000000d5580000, 0x00000000de300000, 0x0000000100000000)
  eden space 60416K, 0% used [0x00000000d5580000,0x00000000d5580000,0x00000000d9080000)
  from space 36352K, 60% used [0x00000000d9080000,0x00000000da614940,0x00000000db400000)
  to   space 36352K, 0% used [0x00000000dbf80000,0x00000000dbf80000,0x00000000de300000)
 ParOldGen       total 108032K, used 53989K [0x0000000080000000, 0x0000000086980000, 0x00000000d5580000)
  object space 108032K, 49% used [0x0000000080000000,0x00000000834b9488,0x0000000086980000)
 Metaspace       used 78966K, capacity 83458K, committed 83608K, reserved 1120256K
  class space    used 10945K, capacity 11826K, committed 11952K, reserved 1048576K
}
Event: 131.291 GC heap before
{Heap before GC invocations=35 (full 3):
 PSYoungGen      total 96768K, used 82514K [0x00000000d5580000, 0x00000000de300000, 0x0000000100000000)
  eden space 60416K, 100% used [0x00000000d5580000,0x00000000d9080000,0x00000000d9080000)
  from space 36352K, 60% used [0x00000000d9080000,0x00000000da614940,0x00000000db400000)
  to   space 36352K, 0% used [0x00000000dbf80000,0x00000000dbf80000,0x00000000de300000)
 ParOldGen       total 108032K, used 53989K [0x0000000080000000, 0x0000000086980000, 0x00000000d5580000)
  object space 108032K, 49% used [0x0000000080000000,0x00000000834b9488,0x0000000086980000)
 Metaspace       used 80003K, capacity 84588K, committed 84888K, reserved 1122304K
  class space    used 11011K, capacity 11907K, committed 11952K, reserved 1048576K
Event: 131.322 GC heap after
Heap after GC invocations=35 (full 3):
 PSYoungGen      total 109056K, used 18386K [0x00000000d5580000, 0x00000000de200000, 0x0000000100000000)
  eden space 73728K, 0% used [0x00000000d5580000,0x00000000d5580000,0x00000000d9d80000)
  from space 35328K, 52% used [0x00000000dbf80000,0x00000000dd174938,0x00000000de200000)
  to   space 34816K, 0% used [0x00000000d9d80000,0x00000000d9d80000,0x00000000dbf80000)
 ParOldGen       total 108032K, used 55813K [0x0000000080000000, 0x0000000086980000, 0x00000000d5580000)
  object space 108032K, 51% used [0x0000000080000000,0x0000000083681728,0x0000000086980000)
 Metaspace       used 80003K, capacity 84588K, committed 84888K, reserved 1122304K
  class space    used 11011K, capacity 11907K, committed 11952K, reserved 1048576K
}
Event: 131.758 GC heap before
{Heap before GC invocations=36 (full 3):
 PSYoungGen      total 109056K, used 92114K [0x00000000d5580000, 0x00000000de200000, 0x0000000100000000)
  eden space 73728K, 100% used [0x00000000d5580000,0x00000000d9d80000,0x00000000d9d80000)
  from space 35328K, 52% used [0x00000000dbf80000,0x00000000dd174938,0x00000000de200000)
  to   space 34816K, 0% used [0x00000000d9d80000,0x00000000d9d80000,0x00000000dbf80000)
 ParOldGen       total 108032K, used 55813K [0x0000000080000000, 0x0000000086980000, 0x00000000d5580000)
  object space 108032K, 51% used [0x0000000080000000,0x0000000083681728,0x0000000086980000)
 Metaspace       used 80429K, capacity 85016K, committed 85144K, reserved 1122304K
  class space    used 11034K, capacity 11909K, committed 11952K, reserved 1048576K
Event: 131.785 GC heap after
Heap after GC invocations=36 (full 3):
 PSYoungGen      total 108544K, used 6368K [0x00000000d5580000, 0x00000000df080000, 0x0000000100000000)
  eden space 73728K, 0% used [0x00000000d5580000,0x00000000d5580000,0x00000000d9d80000)
  from space 34816K, 18% used [0x00000000d9d80000,0x00000000da3b8030,0x00000000dbf80000)
  to   space 34816K, 0% used [0x00000000dce80000,0x00000000dce80000,0x00000000df080000)
 ParOldGen       total 108032K, used 67478K [0x0000000080000000, 0x0000000086980000, 0x00000000d5580000)
  object space 108032K, 62% used [0x0000000080000000,0x00000000841e5b68,0x0000000086980000)
 Metaspace       used 80429K, capacity 85016K, committed 85144K, reserved 1122304K
  class space    used 11034K, capacity 11909K, committed 11952K, reserved 1048576K
}

