# JRE version: OpenJDK Runtime Environment (8.0_242-b01) (build 1.8.0_242-release-1644-b01)
# Java VM: OpenJDK 64-Bit Server VM (25.242-b01 mixed mode windows-amd64 compressed oops)
Heap:
 PSYoungGen      total 117248K, used 80295K [0x00000000d5580000, 0x00000000de280000, 0x0000000100000000)
  eden space 111104K, 67% used [0x00000000d5580000,0x00000000d9e4d848,0x00000000dc200000)
  from space 6144K, 93% used [0x00000000ddc80000,0x00000000de21c498,0x00000000de280000)
  to   space 11776K, 0% used [0x00000000dcb80000,0x00000000dcb80000,0x00000000dd700000)
 ParOldGen       total 73728K, used 13393K [0x0000000080000000, 0x0000000084800000, 0x00000000d5580000)
  object space 73728K, 18% used [0x0000000080000000,0x0000000080d14538,0x0000000084800000)
 Metaspace       used 45353K, capacity 47100K, committed 47272K, reserved 1089536K
  class space    used 6130K, capacity 6474K, committed 6576K, reserved 1048576K
GC Heap History (10 events):
Event: 24.817 GC heap before
{Heap before GC invocations=10 (full 1):
 PSYoungGen      total 64000K, used 61385K [0x00000000d5580000, 0x00000000da380000, 0x0000000100000000)
  eden space 58368K, 100% used [0x00000000d5580000,0x00000000d8e80000,0x00000000d8e80000)
  from space 5632K, 53% used [0x00000000d9e00000,0x00000000da0f2550,0x00000000da380000)
  to   space 10752K, 0% used [0x00000000d8e80000,0x00000000d8e80000,0x00000000d9900000)
 ParOldGen       total 48640K, used 6775K [0x0000000080000000, 0x0000000082f80000, 0x00000000d5580000)
  object space 48640K, 13% used [0x0000000080000000,0x000000008069dee8,0x0000000082f80000)
 Metaspace       used 31005K, capacity 31890K, committed 32048K, reserved 1077248K
  class space    used 4191K, capacity 4400K, committed 4400K, reserved 1048576K
Event: 24.842 GC heap after
Heap after GC invocations=10 (full 1):
 PSYoungGen      total 69120K, used 8724K [0x00000000d5580000, 0x00000000dc180000, 0x0000000100000000)
  eden space 58368K, 0% used [0x00000000d5580000,0x00000000d5580000,0x00000000d8e80000)
  from space 10752K, 81% used [0x00000000d8e80000,0x00000000d9705310,0x00000000d9900000)
  to   space 11776K, 0% used [0x00000000db600000,0x00000000db600000,0x00000000dc180000)
 ParOldGen       total 48640K, used 6783K [0x0000000080000000, 0x0000000082f80000, 0x00000000d5580000)
  object space 48640K, 13% used [0x0000000080000000,0x000000008069fee8,0x0000000082f80000)
 Metaspace       used 31005K, capacity 31890K, committed 32048K, reserved 1077248K
  class space    used 4191K, capacity 4400K, committed 4400K, reserved 1048576K
}
Event: 30.049 GC heap before
{Heap before GC invocations=11 (full 1):
 PSYoungGen      total 69120K, used 67092K [0x00000000d5580000, 0x00000000dc180000, 0x0000000100000000)
  eden space 58368K, 100% used [0x00000000d5580000,0x00000000d8e80000,0x00000000d8e80000)
  from space 10752K, 81% used [0x00000000d8e80000,0x00000000d9705310,0x00000000d9900000)
  to   space 11776K, 0% used [0x00000000db600000,0x00000000db600000,0x00000000dc180000)
 ParOldGen       total 48640K, used 6783K [0x0000000080000000, 0x0000000082f80000, 0x00000000d5580000)
  object space 48640K, 13% used [0x0000000080000000,0x000000008069fee8,0x0000000082f80000)
 Metaspace       used 34026K, capacity 35172K, committed 35248K, reserved 1079296K
  class space    used 4668K, capacity 4969K, committed 5040K, reserved 1048576K
Event: 30.063 GC heap after
Heap after GC invocations=11 (full 1):
 PSYoungGen      total 96768K, used 8525K [0x00000000d5580000, 0x00000000dc080000, 0x0000000100000000)
  eden space 86016K, 0% used [0x00000000d5580000,0x00000000d5580000,0x00000000da980000)
  from space 10752K, 79% used [0x00000000db600000,0x00000000dbe53520,0x00000000dc080000)
  to   space 11776K, 0% used [0x00000000da980000,0x00000000da980000,0x00000000db500000)
 ParOldGen       total 48640K, used 7558K [0x0000000080000000, 0x0000000082f80000, 0x00000000d5580000)
  object space 48640K, 15% used [0x0000000080000000,0x00000000807618b8,0x0000000082f80000)
 Metaspace       used 34026K, capacity 35172K, committed 35248K, reserved 1079296K
  class space    used 4668K, capacity 4969K, committed 5040K, reserved 1048576K
}
Event: 30.795 GC heap before
{Heap before GC invocations=12 (full 1):
 PSYoungGen      total 96768K, used 14972K [0x00000000d5580000, 0x00000000dc080000, 0x0000000100000000)
  eden space 86016K, 7% used [0x00000000d5580000,0x00000000d5bcbbb0,0x00000000da980000)
  from space 10752K, 79% used [0x00000000db600000,0x00000000dbe53520,0x00000000dc080000)
  to   space 11776K, 0% used [0x00000000da980000,0x00000000da980000,0x00000000db500000)
 ParOldGen       total 48640K, used 7558K [0x0000000080000000, 0x0000000082f80000, 0x00000000d5580000)
  object space 48640K, 15% used [0x0000000080000000,0x00000000807618b8,0x0000000082f80000)
 Metaspace       used 34251K, capacity 35396K, committed 35496K, reserved 1079296K
  class space    used 4712K, capacity 5001K, committed 5040K, reserved 1048576K
Event: 30.804 GC heap after
Heap after GC invocations=12 (full 1):
 PSYoungGen      total 97792K, used 368K [0x00000000d5580000, 0x00000000de880000, 0x0000000100000000)
  eden space 86016K, 0% used [0x00000000d5580000,0x00000000d5580000,0x00000000da980000)
  from space 11776K, 3% used [0x00000000da980000,0x00000000da9dc2b0,0x00000000db500000)
  to   space 12288K, 0% used [0x00000000ddc80000,0x00000000ddc80000,0x00000000de880000)
 ParOldGen       total 48640K, used 13417K [0x0000000080000000, 0x0000000082f80000, 0x00000000d5580000)
  object space 48640K, 27% used [0x0000000080000000,0x0000000080d1a7e8,0x0000000082f80000)
 Metaspace       used 34251K, capacity 35396K, committed 35496K, reserved 1079296K
  class space    used 4712K, capacity 5001K, committed 5040K, reserved 1048576K
}
Event: 30.804 GC heap before
{Heap before GC invocations=13 (full 2):
 PSYoungGen      total 97792K, used 368K [0x00000000d5580000, 0x00000000de880000, 0x0000000100000000)
  eden space 86016K, 0% used [0x00000000d5580000,0x00000000d5580000,0x00000000da980000)
  from space 11776K, 3% used [0x00000000da980000,0x00000000da9dc2b0,0x00000000db500000)
  to   space 12288K, 0% used [0x00000000ddc80000,0x00000000ddc80000,0x00000000de880000)
 ParOldGen       total 48640K, used 13417K [0x0000000080000000, 0x0000000082f80000, 0x00000000d5580000)
  object space 48640K, 27% used [0x0000000080000000,0x0000000080d1a7e8,0x0000000082f80000)
 Metaspace       used 34251K, capacity 35396K, committed 35496K, reserved 1079296K
  class space    used 4712K, capacity 5001K, committed 5040K, reserved 1048576K
Event: 30.981 GC heap after
Heap after GC invocations=13 (full 2):
 PSYoungGen      total 97792K, used 0K [0x00000000d5580000, 0x00000000de880000, 0x0000000100000000)
  eden space 86016K, 0% used [0x00000000d5580000,0x00000000d5580000,0x00000000da980000)
  from space 11776K, 0% used [0x00000000da980000,0x00000000da980000,0x00000000db500000)
  to   space 12288K, 0% used [0x00000000ddc80000,0x00000000ddc80000,0x00000000de880000)
 ParOldGen       total 73728K, used 13385K [0x0000000080000000, 0x0000000084800000, 0x00000000d5580000)
  object space 73728K, 18% used [0x0000000080000000,0x0000000080d12538,0x0000000084800000)
 Metaspace       used 34251K, capacity 35396K, committed 35496K, reserved 1079296K
  class space    used 4712K, capacity 5001K, committed 5040K, reserved 1048576K
}
Event: 78.966 GC heap before
{Heap before GC invocations=14 (full 2):
 PSYoungGen      total 97792K, used 86016K [0x00000000d5580000, 0x00000000de880000, 0x0000000100000000)
  eden space 86016K, 100% used [0x00000000d5580000,0x00000000da980000,0x00000000da980000)
  from space 11776K, 0% used [0x00000000da980000,0x00000000da980000,0x00000000db500000)
  to   space 12288K, 0% used [0x00000000ddc80000,0x00000000ddc80000,0x00000000de880000)
 ParOldGen       total 73728K, used 13385K [0x0000000080000000, 0x0000000084800000, 0x00000000d5580000)
  object space 73728K, 18% used [0x0000000080000000,0x0000000080d12538,0x0000000084800000)
 Metaspace       used 36702K, capacity 38166K, committed 38440K, reserved 1083392K
  class space    used 5043K, capacity 5330K, committed 5424K, reserved 1048576K
Event: 78.977 GC heap after
Heap after GC invocations=14 (full 2):
 PSYoungGen      total 117248K, used 5745K [0x00000000d5580000, 0x00000000de280000, 0x0000000100000000)
  eden space 111104K, 0% used [0x00000000d5580000,0x00000000d5580000,0x00000000dc200000)
  from space 6144K, 93% used [0x00000000ddc80000,0x00000000de21c498,0x00000000de280000)
  to   space 11776K, 0% used [0x00000000dcb80000,0x00000000dcb80000,0x00000000dd700000)
 ParOldGen       total 73728K, used 13393K [0x0000000080000000, 0x0000000084800000, 0x00000000d5580000)
  object space 73728K, 18% used [0x0000000080000000,0x0000000080d14538,0x0000000084800000)
 Metaspace       used 36702K, capacity 38166K, committed 38440K, reserved 1083392K
  class space    used 5043K, capacity 5330K, committed 5424K, reserved 1048576K
}

