# JRE version: OpenJDK Runtime Environment (8.0_242-b01) (build 1.8.0_242-release-1644-b01)
# Java VM: OpenJDK 64-Bit Server VM (25.242-b01 mixed mode windows-amd64 compressed oops)
Heap:
 PSYoungGen      total 102912K, used 56606K [0x00000000d5580000, 0x00000000ddd00000, 0x0000000100000000)
  eden space 91136K, 54% used [0x00000000d5580000,0x00000000d863cc30,0x00000000dae80000)
  from space 11776K, 56% used [0x00000000dae80000,0x00000000db50ae68,0x00000000dba00000)
  to   space 11264K, 0% used [0x00000000dd200000,0x00000000dd200000,0x00000000ddd00000)
 ParOldGen       total 78848K, used 14424K [0x0000000080000000, 0x0000000084d00000, 0x00000000d5580000)
  object space 78848K, 18% used [0x0000000080000000,0x0000000080e160d8,0x0000000084d00000)
 Metaspace       used 43718K, capacity 45430K, committed 45736K, reserved 1089536K
  class space    used 5900K, capacity 6277K, committed 6320K, reserved 1048576K
GC Heap History (10 events):
Event: 18.901 GC heap before
{Heap before GC invocations=9 (full 1):
 PSYoungGen      total 73728K, used 62976K [0x00000000d5580000, 0x00000000da980000, 0x0000000100000000)
  eden space 62976K, 100% used [0x00000000d5580000,0x00000000d9300000,0x00000000d9300000)
  from space 10752K, 0% used [0x00000000d9300000,0x00000000d9300000,0x00000000d9d80000)
  to   space 10752K, 0% used [0x00000000d9f00000,0x00000000d9f00000,0x00000000da980000)
 ParOldGen       total 51200K, used 6746K [0x0000000080000000, 0x0000000083200000, 0x00000000d5580000)
  object space 51200K, 13% used [0x0000000080000000,0x0000000080696aa0,0x0000000083200000)
 Metaspace       used 28613K, capacity 29500K, committed 29616K, reserved 1075200K
  class space    used 3956K, capacity 4188K, committed 4272K, reserved 1048576K
Event: 18.925 GC heap after
Heap after GC invocations=9 (full 1):
 PSYoungGen      total 74752K, used 8196K [0x00000000d5580000, 0x00000000dd580000, 0x0000000100000000)
  eden space 64000K, 0% used [0x00000000d5580000,0x00000000d5580000,0x00000000d9400000)
  from space 10752K, 76% used [0x00000000d9f00000,0x00000000da701228,0x00000000da980000)
  to   space 11264K, 0% used [0x00000000d9400000,0x00000000d9400000,0x00000000d9f00000)
 ParOldGen       total 51200K, used 6754K [0x0000000080000000, 0x0000000083200000, 0x00000000d5580000)
  object space 51200K, 13% used [0x0000000080000000,0x0000000080698aa0,0x0000000083200000)
 Metaspace       used 28613K, capacity 29500K, committed 29616K, reserved 1075200K
  class space    used 3956K, capacity 4188K, committed 4272K, reserved 1048576K
}
Event: 25.702 GC heap before
{Heap before GC invocations=10 (full 1):
 PSYoungGen      total 74752K, used 72196K [0x00000000d5580000, 0x00000000dd580000, 0x0000000100000000)
  eden space 64000K, 100% used [0x00000000d5580000,0x00000000d9400000,0x00000000d9400000)
  from space 10752K, 76% used [0x00000000d9f00000,0x00000000da701228,0x00000000da980000)
  to   space 11264K, 0% used [0x00000000d9400000,0x00000000d9400000,0x00000000d9f00000)
 ParOldGen       total 51200K, used 6754K [0x0000000080000000, 0x0000000083200000, 0x00000000d5580000)
  object space 51200K, 13% used [0x0000000080000000,0x0000000080698aa0,0x0000000083200000)
 Metaspace       used 32779K, capacity 33756K, committed 33968K, reserved 1079296K
  class space    used 4469K, capacity 4718K, committed 4784K, reserved 1048576K
Event: 25.793 GC heap after
Heap after GC invocations=10 (full 1):
 PSYoungGen      total 75264K, used 9004K [0x00000000d5580000, 0x00000000dc580000, 0x0000000100000000)
  eden space 64000K, 0% used [0x00000000d5580000,0x00000000d5580000,0x00000000d9400000)
  from space 11264K, 79% used [0x00000000d9400000,0x00000000d9ccb240,0x00000000d9f00000)
  to   space 11776K, 0% used [0x00000000dba00000,0x00000000dba00000,0x00000000dc580000)
 ParOldGen       total 51200K, used 6762K [0x0000000080000000, 0x0000000083200000, 0x00000000d5580000)
  object space 51200K, 13% used [0x0000000080000000,0x000000008069aaa0,0x0000000083200000)
 Metaspace       used 32779K, capacity 33756K, committed 33968K, reserved 1079296K
  class space    used 4469K, capacity 4718K, committed 4784K, reserved 1048576K
}
Event: 27.646 GC heap before
{Heap before GC invocations=11 (full 1):
 PSYoungGen      total 75264K, used 37957K [0x00000000d5580000, 0x00000000dc580000, 0x0000000100000000)
  eden space 64000K, 45% used [0x00000000d5580000,0x00000000d71c6430,0x00000000d9400000)
  from space 11264K, 79% used [0x00000000d9400000,0x00000000d9ccb240,0x00000000d9f00000)
  to   space 11776K, 0% used [0x00000000dba00000,0x00000000dba00000,0x00000000dc580000)
 ParOldGen       total 51200K, used 6762K [0x0000000080000000, 0x0000000083200000, 0x00000000d5580000)
  object space 51200K, 13% used [0x0000000080000000,0x000000008069aaa0,0x0000000083200000)
 Metaspace       used 34251K, capacity 35404K, committed 35496K, reserved 1079296K
  class space    used 4708K, capacity 5001K, committed 5040K, reserved 1048576K
Event: 27.680 GC heap after
Heap after GC invocations=11 (full 1):
 PSYoungGen      total 102912K, used 4985K [0x00000000d5580000, 0x00000000dc600000, 0x0000000100000000)
  eden space 91136K, 0% used [0x00000000d5580000,0x00000000d5580000,0x00000000dae80000)
  from space 11776K, 42% used [0x00000000dba00000,0x00000000dbede7e8,0x00000000dc580000)
  to   space 11776K, 0% used [0x00000000dae80000,0x00000000dae80000,0x00000000dba00000)
 ParOldGen       total 51200K, used 9885K [0x0000000080000000, 0x0000000083200000, 0x00000000d5580000)
  object space 51200K, 19% used [0x0000000080000000,0x00000000809a74a0,0x0000000083200000)
 Metaspace       used 34251K, capacity 35404K, committed 35496K, reserved 1079296K
  class space    used 4708K, capacity 5001K, committed 5040K, reserved 1048576K
}
Event: 27.680 GC heap before
{Heap before GC invocations=12 (full 2):
 PSYoungGen      total 102912K, used 4985K [0x00000000d5580000, 0x00000000dc600000, 0x0000000100000000)
  eden space 91136K, 0% used [0x00000000d5580000,0x00000000d5580000,0x00000000dae80000)
  from space 11776K, 42% used [0x00000000dba00000,0x00000000dbede7e8,0x00000000dc580000)
  to   space 11776K, 0% used [0x00000000dae80000,0x00000000dae80000,0x00000000dba00000)
 ParOldGen       total 51200K, used 9885K [0x0000000080000000, 0x0000000083200000, 0x00000000d5580000)
  object space 51200K, 19% used [0x0000000080000000,0x00000000809a74a0,0x0000000083200000)
 Metaspace       used 34251K, capacity 35404K, committed 35496K, reserved 1079296K
  class space    used 4708K, capacity 5001K, committed 5040K, reserved 1048576K
Event: 28.086 GC heap after
Heap after GC invocations=12 (full 2):
 PSYoungGen      total 102912K, used 0K [0x00000000d5580000, 0x00000000dc600000, 0x0000000100000000)
  eden space 91136K, 0% used [0x00000000d5580000,0x00000000d5580000,0x00000000dae80000)
  from space 11776K, 0% used [0x00000000dba00000,0x00000000dba00000,0x00000000dc580000)
  to   space 11776K, 0% used [0x00000000dae80000,0x00000000dae80000,0x00000000dba00000)
 ParOldGen       total 78848K, used 14416K [0x0000000080000000, 0x0000000084d00000, 0x00000000d5580000)
  object space 78848K, 18% used [0x0000000080000000,0x0000000080e140d8,0x0000000084d00000)
 Metaspace       used 34251K, capacity 35404K, committed 35496K, reserved 1079296K
  class space    used 4708K, capacity 5001K, committed 5040K, reserved 1048576K
}
Event: 50.498 GC heap before
{Heap before GC invocations=13 (full 2):
 PSYoungGen      total 102912K, used 91136K [0x00000000d5580000, 0x00000000dc600000, 0x0000000100000000)
  eden space 91136K, 100% used [0x00000000d5580000,0x00000000dae80000,0x00000000dae80000)
  from space 11776K, 0% used [0x00000000dba00000,0x00000000dba00000,0x00000000dc580000)
  to   space 11776K, 0% used [0x00000000dae80000,0x00000000dae80000,0x00000000dba00000)
 ParOldGen       total 78848K, used 14416K [0x0000000080000000, 0x0000000084d00000, 0x00000000d5580000)
  object space 78848K, 18% used [0x0000000080000000,0x0000000080e140d8,0x0000000084d00000)
 Metaspace       used 37166K, capacity 38758K, committed 39080K, reserved 1083392K
  class space    used 5105K, capacity 5438K, committed 5552K, reserved 1048576K
Event: 50.514 GC heap after
Heap after GC invocations=13 (full 2):
 PSYoungGen      total 102912K, used 6699K [0x00000000d5580000, 0x00000000ddd00000, 0x0000000100000000)
  eden space 91136K, 0% used [0x00000000d5580000,0x00000000d5580000,0x00000000dae80000)
  from space 11776K, 56% used [0x00000000dae80000,0x00000000db50ae68,0x00000000dba00000)
  to   space 11264K, 0% used [0x00000000dd200000,0x00000000dd200000,0x00000000ddd00000)
 ParOldGen       total 78848K, used 14424K [0x0000000080000000, 0x0000000084d00000, 0x00000000d5580000)
  object space 78848K, 18% used [0x0000000080000000,0x0000000080e160d8,0x0000000084d00000)
 Metaspace       used 37166K, capacity 38758K, committed 39080K, reserved 1083392K
  class space    used 5105K, capacity 5438K, committed 5552K, reserved 1048576K
}

